{"__type":"$$EventMessageAudit","id":"af012dfe-8717-402b-a098-dc6d829fc706","ts":"2026-04-02T08:54:03.173+00:00","eventName":"n8n.audit.workflow.created","message":"n8n.audit.workflow.created","payload":{"userId":"38830329-195b-4607-adff-8bd6303f0111","_email":"m_kimura@nsjp.org","_firstName":"masa","_lastName":"kimura","globalRole":"global:owner","workflowId":"n3Mf4qpThOtnAbxA","workflowName":"MoCKA Caliber Flow v0.1"}}
{"__type":"$$EventMessageConfirm","confirm":"af012dfe-8717-402b-a098-dc6d829fc706","ts":"2026-04-02T08:54:03.173+00:00","source":{"id":"0","name":"eventBus"}}
{"__type":"$$EventMessageAudit","id":"68610b96-800e-49bd-9b89-1b7bef9426c4","ts":"2026-04-02T08:55:23.468+00:00","eventName":"n8n.audit.workflow.activated","message":"n8n.audit.workflow.activated","payload":{"userId":"38830329-195b-4607-adff-8bd6303f0111","_email":"m_kimura@nsjp.org","_firstName":"masa","_lastName":"kimura","globalRole":"global:owner","workflowId":"n3Mf4qpThOtnAbxA","workflowName":"MoCKA Caliber Flow v0.1","activeVersionId":"e628760a-193e-407b-bcf8-c225aa23ef72"}}
{"__type":"$$EventMessageConfirm","confirm":"68610b96-800e-49bd-9b89-1b7bef9426c4","ts":"2026-04-02T08:55:23.468+00:00","source":{"id":"0","name":"eventBus"}}
{"__type":"$$EventMessageAudit","id":"7a1fe979-7d35-476b-bc5c-e8e10e62c59b","ts":"2026-04-02T09:01:43.480+00:00","eventName":"n8n.audit.workflow.updated","message":"n8n.audit.workflow.updated","payload":{"userId":"38830329-195b-4607-adff-8bd6303f0111","_email":"m_kimura@nsjp.org","_firstName":"masa","_lastName":"kimura","globalRole":"global:owner","workflowId":"n3Mf4qpThOtnAbxA","workflowName":"MoCKA Caliber Flow v0.1","settingsChanged":{"timeSavedMode":{"from":null,"to":"fixed"},"timezone":{"from":null,"to":"Asia/Tokyo"},"callerPolicy":{"from":null,"to":"workflowsFromSameOwner"},"availableInMCP":{"from":null,"to":false}}}}
{"__type":"$$EventMessageConfirm","confirm":"7a1fe979-7d35-476b-bc5c-e8e10e62c59b","ts":"2026-04-02T09:01:43.480+00:00","source":{"id":"0","name":"eventBus"}}
{"__type":"$$EventMessageAudit","id":"ad089f39-d03c-4590-b20a-befd4ed8e4f3","ts":"2026-04-02T09:01:43.510+00:00","eventName":"n8n.audit.workflow.deactivated","message":"n8n.audit.workflow.deactivated","payload":{"userId":"38830329-195b-4607-adff-8bd6303f0111","_email":"m_kimura@nsjp.org","_firstName":"masa","_lastName":"kimura","globalRole":"global:owner","workflowId":"n3Mf4qpThOtnAbxA","workflowName":"MoCKA Caliber Flow v0.1","deactivatedVersionId":"e628760a-193e-407b-bcf8-c225aa23ef72"}}
{"__type":"$$EventMessageConfirm","confirm":"ad089f39-d03c-4590-b20a-befd4ed8e4f3","ts":"2026-04-02T09:01:43.510+00:00","source":{"id":"0","name":"eventBus"}}
{"__type":"$$EventMessageAudit","id":"f0bb221b-163f-4089-b668-12ae8d542b91","ts":"2026-04-02T09:01:44.000+00:00","eventName":"n8n.audit.workflow.activated","message":"n8n.audit.workflow.activated","payload":{"userId":"38830329-195b-4607-adff-8bd6303f0111","_email":"m_kimura@nsjp.org","_firstName":"masa","_lastName":"kimura","globalRole":"global:owner","workflowId":"n3Mf4qpThOtnAbxA","workflowName":"MoCKA Caliber Flow v0.1","activeVersionId":"e628760a-193e-407b-bcf8-c225aa23ef72"}}
{"__type":"$$EventMessageConfirm","confirm":"f0bb221b-163f-4089-b668-12ae8d542b91","ts":"2026-04-02T09:01:44.000+00:00","source":{"id":"0","name":"eventBus"}}
{"__type":"$$EventMessageWorkflow","id":"b7662dc0-f0d1-411e-94c1-42d4ec188a66","ts":"2026-04-02T09:04:22.538+00:00","eventName":"n8n.workflow.started","message":"n8n.workflow.started","payload":{"executionId":"1","workflowId":"n3Mf4qpThOtnAbxA","isManual":false,"mode":"manual","workflowName":"MoCKA Caliber Flow v0.1"}}
{"__type":"$$EventMessageConfirm","confirm":"b7662dc0-f0d1-411e-94c1-42d4ec188a66","ts":"2026-04-02T09:04:22.538+00:00","source":{"id":"0","name":"eventBus"}}
{"__type":"$$EventMessageAudit","id":"a7898756-7fa7-4ea4-abba-cf3c67969e13","ts":"2026-04-02T09:04:22.539+00:00","eventName":"n8n.audit.workflow.executed","message":"n8n.audit.workflow.executed","payload":{"userId":"38830329-195b-4607-adff-8bd6303f0111","_email":"m_kimura@nsjp.org","_firstName":"masa","_lastName":"kimura","globalRole":"global:owner","workflowId":"n3Mf4qpThOtnAbxA","workflowName":"MoCKA Caliber Flow v0.1","executionId":"1","source":"user-manual"}}
{"__type":"$$EventMessageConfirm","confirm":"a7898756-7fa7-4ea4-abba-cf3c67969e13","ts":"2026-04-02T09:04:22.539+00:00","source":{"id":"0","name":"eventBus"}}
{"__type":"$$EventMessageNode","id":"46cb229b-cdb2-4820-9774-535ddc83962b","ts":"2026-04-02T09:04:22.553+00:00","eventName":"n8n.node.started","message":"n8n.node.started","payload":{"workflowId":"n3Mf4qpThOtnAbxA","workflowName":"MoCKA Caliber Flow v0.1","executionId":"1","nodeType":"n8n-nodes-base.scheduleTrigger","nodeName":"Every 1 min","nodeId":"19be343f-075f-4f56-866d-4aba12b8264b"}}
{"__type":"$$EventMessageConfirm","confirm":"46cb229b-cdb2-4820-9774-535ddc83962b","ts":"2026-04-02T09:04:22.553+00:00","source":{"id":"0","name":"eventBus"}}
{"__type":"$$EventMessageNode","id":"1c5689aa-2d83-4afc-b6cd-768b73c6e840","ts":"2026-04-02T09:04:22.560+00:00","eventName":"n8n.node.finished","message":"n8n.node.finished","payload":{"workflowId":"n3Mf4qpThOtnAbxA","workflowName":"MoCKA Caliber Flow v0.1","executionId":"1","nodeType":"n8n-nodes-base.scheduleTrigger","nodeName":"Every 1 min","nodeId":"19be343f-075f-4f56-866d-4aba12b8264b"}}
{"__type":"$$EventMessageConfirm","confirm":"1c5689aa-2d83-4afc-b6cd-768b73c6e840","ts":"2026-04-02T09:04:22.560+00:00","source":{"id":"0","name":"eventBus"}}
{"__type":"$$EventMessageNode","id":"7bc7260b-a9c2-406e-acae-f370c71e2654","ts":"2026-04-02T09:04:22.562+00:00","eventName":"n8n.node.started","message":"n8n.node.started","payload":{"workflowId":"n3Mf4qpThOtnAbxA","workflowName":"MoCKA Caliber Flow v0.1","executionId":"1","nodeType":"n8n-nodes-base.code","nodeName":"Scan outbox/PILS","nodeId":"1e9da84b-7d3c-451e-b7af-9859c00d31ad"}}
{"__type":"$$EventMessageConfirm","confirm":"7bc7260b-a9c2-406e-acae-f370c71e2654","ts":"2026-04-02T09:04:22.562+00:00","source":{"id":"0","name":"eventBus"}}
{"__type":"$$EventMessageRunner","id":"3b78fc20-5e22-479d-a1e1-bdc1696f9c50","ts":"2026-04-02T09:04:22.573+00:00","eventName":"n8n.runner.task.requested","message":"n8n.runner.task.requested","payload":{"taskId":"yuXdENtP","nodeId":"1e9da84b-7d3c-451e-b7af-9859c00d31ad","workflowId":"n3Mf4qpThOtnAbxA","executionId":"1"}}
{"__type":"$$EventMessageConfirm","confirm":"3b78fc20-5e22-479d-a1e1-bdc1696f9c50","ts":"2026-04-02T09:04:22.573+00:00","source":{"id":"0","name":"eventBus"}}
{"__type":"$$EventMessageNode","id":"ffd02e41-7cf5-4fac-9b72-8d0d28d9149c","ts":"2026-04-02T09:04:22.651+00:00","eventName":"n8n.node.finished","message":"n8n.node.finished","payload":{"workflowId":"n3Mf4qpThOtnAbxA","workflowName":"MoCKA Caliber Flow v0.1","executionId":"1","nodeType":"n8n-nodes-base.code","nodeName":"Scan outbox/PILS","nodeId":"1e9da84b-7d3c-451e-b7af-9859c00d31ad"}}
{"__type":"$$EventMessageConfirm","confirm":"ffd02e41-7cf5-4fac-9b72-8d0d28d9149c","ts":"2026-04-02T09:04:22.651+00:00","source":{"id":"0","name":"eventBus"}}
{"__type":"$$EventMessageWorkflow","id":"4dae9839-b63e-49e6-b556-cbba747989da","ts":"2026-04-02T09:04:22.655+00:00","eventName":"n8n.workflow.failed","message":"n8n.workflow.failed","payload":{"userId":"38830329-195b-4607-adff-8bd6303f0111","executionId":"1","success":false,"isManual":true,"mode":"manual","workflowId":"n3Mf4qpThOtnAbxA","workflowName":"MoCKA Caliber Flow v0.1","lastNodeExecuted":"Scan outbox/PILS","errorMessage":"Module 'fs' is disallowed [line 1]"}}
{"__type":"$$EventMessageConfirm","confirm":"4dae9839-b63e-49e6-b556-cbba747989da","ts":"2026-04-02T09:04:22.655+00:00","source":{"id":"0","name":"eventBus"}}
